
Copyright (C) 1994-2018 Synopsys, Inc.
This Synopsys software and all associated documentation are proprietary to Synopsys, Inc.
and may only be used pursuant to the terms and conditions of a written license agreement
with Synopsys, Inc. All other use, reproduction, modification, or distribution of the
Synopsys software or the associated documentation is strictly prohibited.
Tool: Synplify Pro (R)
Build: N-2018.03G-Beta6
Install: C:\Gowin\1.8\SynplifyPro
OS: Windows 6.2

Hostname: BEACONDEV3

Implementation : rev_1

# Written on Mon Oct  8 02:53:55 2018

##### DESIGN INFO #######################################################

Top View:                "ao_top"
Constraint File(s):      (none)




##### SUMMARY ############################################################

Found 0 issues in 0 out of 0 constraints


##### DETAILS ############################################################



Clock Relationships
*******************

Starting              Ending                |     rise to rise     |     fall to fall     |     rise to fall     |     fall to rise                     
-------------------------------------------------------------------------------------------------------------------------------------------------------
ao_top|clk_i          ao_top|clk_i          |     3.276            |     3.276            |     No paths         |     1.638                            
ao_top|clk_i          ao_top|control[0]     |     Diff grp         |     No paths         |     No paths         |     Diff grp                         
ao_top|control[0]     ao_top|clk_i          |     Diff grp         |     No paths         |     No paths         |     No paths                         
ao_top|control[0]     ao_top|control[0]     |     6.078            |     No paths         |     No paths         |     No paths                         
=======================================================================================================================================================
 Note: 'No paths' indicates there are no paths in the design for that pair of clock edges.
       'Diff grp' indicates that paths exist but the starting clock and ending clock are in different clock groups.


Unconstrained Start/End Points
******************************

p:control[1]
p:control[2]
p:control[3]
p:control[4]
p:control[5]
p:control[6]
p:control[7]
p:control[8]
p:control[9]
p:data_i[0]
p:data_i[1]
p:data_i[2]
p:data_i[3]
p:data_i[4]
p:data_i[5]
p:data_i[6]
p:data_i[7]


Inapplicable constraints
************************

(none)


Applicable constraints with issues
**********************************

(none)


Constraints with matching wildcard expressions
**********************************************

(none)


Library Report
**************


# End of Constraint Checker Report
