
Copyright (C) 1994-2018 Synopsys, Inc.
This Synopsys software and all associated documentation are proprietary to Synopsys, Inc.
and may only be used pursuant to the terms and conditions of a written license agreement
with Synopsys, Inc. All other use, reproduction, modification, or distribution of the
Synopsys software or the associated documentation is strictly prohibited.
Tool: Synplify Pro (R)
Build: N-2018.03G-Beta6
Install: C:\Gowin\1.8\SynplifyPro
OS: Windows 6.2

Hostname: BEACONDEV3

Implementation : rev_1
Synopsys HDL compiler and linker, Version comp2018q1p1, Build 118R, Built May 15 2018 09:18:11

Modified Files: 8
FID:  path (prevtimestamp, timestamp)
0        C:\Gowin\1.8\IDE\data\ipcores\GAO_LITE\GW_CON\gw_con_parameter.v (N/A, 2018-01-05 14:52:22)
1        C:\Gowin\1.8\IDE\data\ipcores\GAO_LITE\GW_CON\gw_con_top.v (N/A, 2018-01-10 13:50:08)
2        C:\Gowin\1.8\IDE\data\ipcores\GAO_LITE\GW_CON\gw_con_top_define.v (N/A, 2018-01-05 14:52:22)
3        C:\Gowin\1.8\SynplifyPro\lib\generic\gw1n.v (N/A, 2018-05-16 00:54:32)
4        C:\Gowin\1.8\SynplifyPro\lib\vlog\hypermods.v (N/A, 2018-05-16 00:08:32)
5        C:\Gowin\1.8\SynplifyPro\lib\vlog\scemi_objects.v (N/A, 2018-05-16 00:08:32)
6        C:\Gowin\1.8\SynplifyPro\lib\vlog\scemi_pipes.svh (N/A, 2018-05-16 00:08:32)
7        C:\Gowin\1.8\SynplifyPro\lib\vlog\umr_capim.v (N/A, 2018-05-16 00:08:32)

*******************************************************************
Modules that may have changed as a result of file changes: 1
MID:  lib.cell.view
0        work.gw_con_top.verilog may have changed because the following files changed:
                        C:\Gowin\1.8\IDE\data\ipcores\GAO_LITE\GW_CON\gw_con_top.v (N/A, 2018-01-10 13:50:08) <-- (module definition)

*******************************************************************
Unmodified files: 0
FID:  path (timestamp)

*******************************************************************
Unchanged modules: 0
MID:  lib.cell.view
