
Copyright (C) 1994-2018 Synopsys, Inc.
This Synopsys software and all associated documentation are proprietary to Synopsys, Inc.
and may only be used pursuant to the terms and conditions of a written license agreement
with Synopsys, Inc. All other use, reproduction, modification, or distribution of the
Synopsys software or the associated documentation is strictly prohibited.
Tool: Synplify Pro (R)
Build: N-2018.03G-Beta6
Install: C:\Gowin\1.8\SynplifyPro
OS: Windows 6.2

Hostname: BEACONDEV3

Implementation : rev_1

# Written on Mon Oct  8 02:53:44 2018

##### DESIGN INFO #######################################################

Top View:                "gw_con_top"
Constraint File(s):      (none)




##### SUMMARY ############################################################

Found 0 issues in 0 out of 0 constraints


##### DETAILS ############################################################



Clock Relationships
*******************

Starting     Ending     |     rise to rise     |     fall to fall     |     rise to fall     |     fall to rise                     
-----------------------------------------------------------------------------------------------------------------------------------
System       System     |     0.890            |     No paths         |     No paths         |     No paths                         
===================================================================================================================================
 Note: 'No paths' indicates there are no paths in the design for that pair of clock edges.
       'Diff grp' indicates that paths exist but the starting clock and ending clock are in different clock groups.


Unconstrained Start/End Points
******************************

p:control0[0] (bidir end point)
p:control0[0] (bidir start point)
p:control0[1]
p:control0[2]
p:control0[3]
p:control0[4]
p:control0[5] (bidir end point)
p:control0[5] (bidir start point)
p:control0[6]
p:control0[7]
p:control0[8]
p:control0[9]
p:enable_i
p:rst_i
p:shift_dr_capture_dr_i
p:tck_i
p:tdi_i
p:tdo_o
p:update_dr_i


Inapplicable constraints
************************

(none)


Applicable constraints with issues
**********************************

(none)


Constraints with matching wildcard expressions
**********************************************

(none)


Library Report
**************


# End of Constraint Checker Report
