One matching license found for this product: synplifypro_gowin
NOTE:  This version of the software is not a production release. No warranty is made as to the general availability of features and functionality included in this version or described in the accompanying documentation. The final contents of a production release and its timing remain at the sole discretion of Synopsys.

Starting:    C:\Gowin\1.8\SynplifyPro\bin64\mbin\synbatch.exe
Install:     C:\Gowin\1.8\SynplifyPro
Hostname:    BEACONDEV3
Date:        Mon Oct  8 02:53:50 2018
Version:     N-2018.03G-Beta6

Arguments:   -product synplify_pro -batch C:/Gowin/oled_ssd1306/impl/temp/gao/ao_0/ao_0.prj
ProductType: synplify_pro

License checkout: synplifypro_gowin
License: synplifypro_gowin node-locked 
Licensed Vendor: gowin

Running in Vendor Mode

log file: "C:\Gowin\oled_ssd1306\impl\temp\gao\ao_0\rev_1\ao_0.srr"
Running: rev_1 in foreground

Running ao_0|rev_1

Running Flow: compile (Compile) on ao_0|rev_1
# Mon Oct  8 02:53:50 2018

Running Flow: compile_flow (Compile Process) on ao_0|rev_1
# Mon Oct  8 02:53:50 2018

Running: compiler (Compile Input) on ao_0|rev_1
# Mon Oct  8 02:53:50 2018
Copied C:\Gowin\oled_ssd1306\impl\temp\gao\ao_0\rev_1\synwork\ao_0_comp.srs to C:\Gowin\oled_ssd1306\impl\temp\gao\ao_0\rev_1\ao_0.srs

compiler completed
# Mon Oct  8 02:53:52 2018

Return Code: 0
Run Time:00h:00m:02s

Running: multi_srs_gen (Multi-srs Generator) on ao_0|rev_1
# Mon Oct  8 02:53:52 2018

multi_srs_gen completed
# Mon Oct  8 02:53:53 2018

Return Code: 0
Run Time:00h:00m:01s
Copied C:\Gowin\oled_ssd1306\impl\temp\gao\ao_0\rev_1\synwork\ao_0_mult.srs to C:\Gowin\oled_ssd1306\impl\temp\gao\ao_0\rev_1\ao_0.srs
Complete: Compile Process on ao_0|rev_1

Running: premap (Premap) on ao_0|rev_1
# Mon Oct  8 02:53:53 2018

premap completed
# Mon Oct  8 02:53:55 2018

Return Code: 0
Run Time:00h:00m:02s
Complete: Compile on ao_0|rev_1

Running Flow: map (Map) on ao_0|rev_1
# Mon Oct  8 02:53:55 2018
License granted for 4 parallel jobs

Running: fpga_mapper (Map & Optimize) on ao_0|rev_1
# Mon Oct  8 02:53:55 2018
Copied C:\Gowin\oled_ssd1306\impl\temp\gao\ao_0\rev_1\synwork\ao_0_m.srm to C:\Gowin\oled_ssd1306\impl\temp\gao\ao_0\rev_1\ao_0.srm

fpga_mapper completed with warnings
# Mon Oct  8 02:54:01 2018

Return Code: 1
Run Time:00h:00m:06s
Complete: Map on ao_0|rev_1
Complete: Logic Synthesis on ao_0|rev_1
exit status=0
exit status=0
License checkin: synplifypro_gowin
